c:\users\nathan\source\repos\c_ixchariot_automation_file_creation_nathan\c_ixchariot_automation_file_creation_nathan\debug\vc141.pdb
c:\users\nathan\source\repos\c_ixchariot_automation_file_creation_nathan\c_ixchariot_automation_file_creation_nathan\debug\vc141.idb
c:\users\nathan\source\repos\c_ixchariot_automation_file_creation_nathan\c_ixchariot_automation_file_creation_nathan\debug\dev_c_text_file_result_data_ixchariot.obj
c:\users\nathan\source\repos\c_ixchariot_automation_file_creation_nathan\c_ixchariot_automation_file_creation_nathan\debug\dev_c_config_ixchariot_single_pair_multiple_streams.obj
c:\users\nathan\source\repos\c_ixchariot_automation_file_creation_nathan\debug\c_ixchariot_automation_file_creation_nathan.exe
c:\users\nathan\source\repos\c_ixchariot_automation_file_creation_nathan\debug\c_ixchariot_automation_file_creation_nathan.ilk
c:\users\nathan\source\repos\c_ixchariot_automation_file_creation_nathan\debug\c_ixchariot_automation_file_creation_nathan.pdb
c:\users\nathan\source\repos\work-automation\ixchariot\c_ixchariot_automation_file_creation_nathan\c_ixchariot_automation_file_creation_nathan\debug\dev_c_config_ixchariot_single_pair_multiple_streams.obj
c:\users\nathan\source\repos\work-automation\ixchariot\c_ixchariot_automation_file_creation_nathan\c_ixchariot_automation_file_creation_nathan\debug\dev_c_text_file_result_data_ixchariot.obj
c:\users\nathan\source\repos\work-automation\ixchariot\c_ixchariot_automation_file_creation_nathan\c_ixchariot_automation_file_creation_nathan\debug\nativecodeanalysis.read.1.tlog
c:\users\nathan\source\repos\work-automation\ixchariot\c_ixchariot_automation_file_creation_nathan\c_ixchariot_automation_file_creation_nathan\debug\vc141.idb
c:\users\nathan\source\repos\work-automation\ixchariot\c_ixchariot_automation_file_creation_nathan\c_ixchariot_automation_file_creation_nathan\debug\vc141.pdb
c:\users\nathan\source\repos\work-automation\ixchariot\c_ixchariot_automation_file_creation_nathan\c_ixchariot_automation_file_creation_nathan\debug\dev_c_text_file_result_data_ixchariot.nativecodeanalysis.xml
c:\users\nathan\source\repos\work-automation\ixchariot\c_ixchariot_automation_file_creation_nathan\c_ixchariot_automation_file_creation_nathan\debug\vc.nativecodeanalysis.all.xml
c:\users\nathan\source\repos\work-automation\ixchariot\c_ixchariot_automation_file_creation_nathan\debug\c_ixchariot_automation_file_creation_nathan.pdb
c:\users\nathan\source\repos\work-automation\ixchariot\c_ixchariot_automation_file_creation_nathan\debug\c_ixchariot_automation_file_creation_nathan.exe
c:\users\nathan\source\repos\work-automation\ixchariot\c_ixchariot_automation_file_creation_nathan\debug\c_ixchariot_automation_file_creation_nathan.ilk
c:\users\nathan\source\repos\work-automation\ixchariot\c_ixchariot_automation_file_creation_nathan\c_ixchariot_automation_file_creation_nathan\debug\c_ixchar.292b13dc.tlog\cl.command.1.tlog
c:\users\nathan\source\repos\work-automation\ixchariot\c_ixchariot_automation_file_creation_nathan\c_ixchariot_automation_file_creation_nathan\debug\c_ixchar.292b13dc.tlog\cl.read.1.tlog
c:\users\nathan\source\repos\work-automation\ixchariot\c_ixchariot_automation_file_creation_nathan\c_ixchariot_automation_file_creation_nathan\debug\c_ixchar.292b13dc.tlog\cl.write.1.tlog
c:\users\nathan\source\repos\work-automation\ixchariot\c_ixchariot_automation_file_creation_nathan\c_ixchariot_automation_file_creation_nathan\debug\c_ixchar.292b13dc.tlog\link.command.1.tlog
c:\users\nathan\source\repos\work-automation\ixchariot\c_ixchariot_automation_file_creation_nathan\c_ixchariot_automation_file_creation_nathan\debug\c_ixchar.292b13dc.tlog\link.read.1.tlog
c:\users\nathan\source\repos\work-automation\ixchariot\c_ixchariot_automation_file_creation_nathan\c_ixchariot_automation_file_creation_nathan\debug\c_ixchar.292b13dc.tlog\link.write.1.tlog
