C:\Program Files (x86)\Microsoft Visual Studio\2017\Community\Common7\IDE\VC\VCTargets\Microsoft.CppBuild.targets(391,5): warning MSB8028: The intermediate directory (Debug\) contains files shared from another project (C_IxChariot_Automated_Run_Development.vcxproj).  This can lead to incorrect clean and rebuild behavior.
  Dev_C_Struct_Text+CSV_Data_Reporting_IxChariot.c
c:\users\nathan\source\repos\work-automation\ixchariot\c_ixchariot_automation_run_development\dev_c_struct_text+csv_data_reporting_ixchariot.c(61): warning C4996: 'localtime': This function or variable may be unsafe. Consider using localtime_s instead. To disable deprecation, use _CRT_SECURE_NO_WARNINGS. See online help for details.
  c:\program files (x86)\windows kits\10\include\10.0.17134.0\ucrt\time.h(506): note: see declaration of 'localtime'
c:\users\nathan\source\repos\work-automation\ixchariot\c_ixchariot_automation_run_development\dev_c_struct_text+csv_data_reporting_ixchariot.c(69): warning C4996: 'strcpy': This function or variable may be unsafe. Consider using strcpy_s instead. To disable deprecation, use _CRT_SECURE_NO_WARNINGS. See online help for details.
  c:\program files (x86)\windows kits\10\include\10.0.17134.0\ucrt\string.h(133): note: see declaration of 'strcpy'
c:\users\nathan\source\repos\work-automation\ixchariot\c_ixchariot_automation_run_development\dev_c_struct_text+csv_data_reporting_ixchariot.c(123): warning C4013: 'mkdir' undefined; assuming extern returning int
c:\users\nathan\source\repos\work-automation\ixchariot\c_ixchariot_automation_run_development\dev_c_struct_text+csv_data_reporting_ixchariot.c(127): warning C4996: 'sprintf': This function or variable may be unsafe. Consider using sprintf_s instead. To disable deprecation, use _CRT_SECURE_NO_WARNINGS. See online help for details.
  c:\program files (x86)\windows kits\10\include\10.0.17134.0\ucrt\stdio.h(1774): note: see declaration of 'sprintf'
c:\users\nathan\source\repos\work-automation\ixchariot\c_ixchariot_automation_run_development\dev_c_struct_text+csv_data_reporting_ixchariot.c(128): warning C4996: 'sprintf': This function or variable may be unsafe. Consider using sprintf_s instead. To disable deprecation, use _CRT_SECURE_NO_WARNINGS. See online help for details.
  c:\program files (x86)\windows kits\10\include\10.0.17134.0\ucrt\stdio.h(1774): note: see declaration of 'sprintf'
c:\users\nathan\source\repos\work-automation\ixchariot\c_ixchariot_automation_run_development\dev_c_struct_text+csv_data_reporting_ixchariot.c(144): warning C4996: 'fopen': This function or variable may be unsafe. Consider using fopen_s instead. To disable deprecation, use _CRT_SECURE_NO_WARNINGS. See online help for details.
  c:\program files (x86)\windows kits\10\include\10.0.17134.0\ucrt\stdio.h(208): note: see declaration of 'fopen'
c:\users\nathan\source\repos\work-automation\ixchariot\c_ixchariot_automation_run_development\dev_c_struct_text+csv_data_reporting_ixchariot.c(165): warning C4477: 'snprintf' : format string '%d' requires an argument of type 'int', but variadic argument 4 has type 'int *'
c:\users\nathan\source\repos\work-automation\ixchariot\c_ixchariot_automation_run_development\dev_c_struct_text+csv_data_reporting_ixchariot.c(231): warning C4047: 'initializing': 'char *' differs in levels of indirection from 'char (*)[23]'
c:\users\nathan\source\repos\work-automation\ixchariot\c_ixchariot_automation_run_development\dev_c_struct_text+csv_data_reporting_ixchariot.c(231): warning C4047: 'initializing': 'char *' differs in levels of indirection from 'char (*)[30]'
c:\users\nathan\source\repos\work-automation\ixchariot\c_ixchariot_automation_run_development\dev_c_struct_text+csv_data_reporting_ixchariot.c(231): warning C4047: 'initializing': 'char *' differs in levels of indirection from 'char (*)[8]'
c:\users\nathan\source\repos\work-automation\ixchariot\c_ixchariot_automation_run_development\dev_c_struct_text+csv_data_reporting_ixchariot.c(231): warning C4047: 'initializing': 'char *' differs in levels of indirection from 'char (*)[4]'
c:\users\nathan\source\repos\work-automation\ixchariot\c_ixchariot_automation_run_development\dev_c_struct_text+csv_data_reporting_ixchariot.c(248): warning C4996: 'fopen': This function or variable may be unsafe. Consider using fopen_s instead. To disable deprecation, use _CRT_SECURE_NO_WARNINGS. See online help for details.
  c:\program files (x86)\windows kits\10\include\10.0.17134.0\ucrt\stdio.h(208): note: see declaration of 'fopen'
c:\users\nathan\source\repos\work-automation\ixchariot\c_ixchariot_automation_run_development\dev_c_struct_text+csv_data_reporting_ixchariot.c(276): warning C4996: 'fopen': This function or variable may be unsafe. Consider using fopen_s instead. To disable deprecation, use _CRT_SECURE_NO_WARNINGS. See online help for details.
  c:\program files (x86)\windows kits\10\include\10.0.17134.0\ucrt\stdio.h(208): note: see declaration of 'fopen'
c:\users\nathan\source\repos\work-automation\ixchariot\c_ixchariot_automation_run_development\dev_c_struct_text+csv_data_reporting_ixchariot.c(304): warning C4047: 'initializing': 'char *' differs in levels of indirection from 'char (*)[8]'
c:\users\nathan\source\repos\work-automation\ixchariot\c_ixchariot_automation_run_development\dev_c_struct_text+csv_data_reporting_ixchariot.c(304): warning C4047: 'initializing': 'char *' differs in levels of indirection from 'char (*)[4]'
c:\users\nathan\source\repos\work-automation\ixchariot\c_ixchariot_automation_run_development\dev_c_struct_text+csv_data_reporting_ixchariot.c(304): warning C4047: 'initializing': 'int *' differs in levels of indirection from 'int'
c:\users\nathan\source\repos\work-automation\ixchariot\c_ixchariot_automation_run_development\dev_c_struct_text+csv_data_reporting_ixchariot.c(308): warning C4996: 'fopen': This function or variable may be unsafe. Consider using fopen_s instead. To disable deprecation, use _CRT_SECURE_NO_WARNINGS. See online help for details.
  c:\program files (x86)\windows kits\10\include\10.0.17134.0\ucrt\stdio.h(208): note: see declaration of 'fopen'
